Build started 2014-10-24 11:37:19.
     1>Project "C:\Users\snyderna1\Dropbox\Grove City\Classes\Games 1\Games1Test1\Exam 1 Shell\CollisionTypes.vcxproj" on node 2 (Build target(s)).
     1>ClCompile:
         C:\Program Files (x86)\Microsoft Visual Studio 11.0\VC\bin\CL.exe /c /I"C:\Program Files (x86)\Microsoft DirectX SDK (June 2010)\\Include" /ZI /nologo /W3 /WX- /Od /Oy- /D _MBCS /Gm /EHsc /RTC1 /MDd /GS /fp:precise /Zc:wchar_t /Zc:forScope /Fo"Debug\\" /Fd"Debug\vc110.pdb" /Gd /TP /analyze- /errorReport:prompt paddle.cpp
         paddle.cpp
     1>c:\users\snyderna1\dropbox\grove city\classes\games 1\games1test1\exam 1 shell\paddle.cpp(16): error C2146: syntax error : missing ';' before identifier 'velocity'
     1>c:\users\snyderna1\dropbox\grove city\classes\games 1\games1test1\exam 1 shell\paddle.cpp(36): warning C4244: 'argument' : conversion from 'const int' to 'FLOAT', possible loss of data
     1>Done Building Project "C:\Users\snyderna1\Dropbox\Grove City\Classes\Games 1\Games1Test1\Exam 1 Shell\CollisionTypes.vcxproj" (Build target(s)) -- FAILED.

Build FAILED.

Time Elapsed 00:00:01.62
